<?xml version="1.0" encoding="UTF-8"?>
<testng-results skipped="0" failed="0" ignored="0" total="1" passed="1">
  <reporter-output>
  </reporter-output>
  <suite name="Default suite" duration-ms="22703" started-at="2017-09-18T06:29:05Z" finished-at="2017-09-18T06:29:27Z">
    <groups>
    </groups>
    <test name="Default test" duration-ms="22703" started-at="2017-09-18T06:29:05Z" finished-at="2017-09-18T06:29:27Z">
      <class name="com.alfred.mwd_project.tests.TestDifferentiatorModel">
        <test-method status="PASS" signature="testPDIFF_1()[pri:0, instance:com.alfred.mwd_project.tests.TestDifferentiatorModel@2669b199]" name="testPDIFF_1" duration-ms="22682" started-at="2017-09-17T23:29:05Z" finished-at="2017-09-17T23:29:27Z">
          <reporter-output>
          </reporter-output>
        </test-method> <!-- testPDIFF_1 -->
      </class> <!-- com.alfred.mwd_project.tests.TestDifferentiatorModel -->
    </test> <!-- Default test -->
  </suite> <!-- Default suite -->
</testng-results>
